3 postpos : ti=0 tu=0 n=2 outfile=D:\code\rtklib_java\RTKLIB_EX_2.5.0\spp_bds.pos
3 openses :
3 execses_b: n=2 outfile=D:\code\rtklib_java\RTKLIB_EX_2.5.0\spp_bds.pos
2 readpreceph: n=2
3 readpephs: file=D:\code\rtklib_java\RTKLIB_EX_2.5.0\1.obs
3 expath  : path=D:\code\rtklib_java\RTKLIB_EX_2.5.0\1.obs nmax=1024
3 expath  : file=D:\code\rtklib_java\RTKLIB_EX_2.5.0\1.obs
3 readpephs: file=D:\code\rtklib_java\RTKLIB_EX_2.5.0\1.nav
3 expath  : path=D:\code\rtklib_java\RTKLIB_EX_2.5.0\1.nav nmax=1024
3 expath  : file=D:\code\rtklib_java\RTKLIB_EX_2.5.0\1.nav
3 readrnxc: file=D:\code\rtklib_java\RTKLIB_EX_2.5.0\1.obs
3 expath  : path=D:\code\rtklib_java\RTKLIB_EX_2.5.0\1.obs nmax=1024
3 expath  : file=D:\code\rtklib_java\RTKLIB_EX_2.5.0\1.obs
3 readrnxfile: file=D:\code\rtklib_java\RTKLIB_EX_2.5.0\1.obs flag=1 index=0
3 rtk_uncompress: file=D:\code\rtklib_java\RTKLIB_EX_2.5.0\1.obs
3 rtk_uncompress: stat=0
3 readrnxfp: flag=1 index=0
3 readrnxh:
3 readrnxc: file=D:\code\rtklib_java\RTKLIB_EX_2.5.0\1.nav
3 expath  : path=D:\code\rtklib_java\RTKLIB_EX_2.5.0\1.nav nmax=1024
3 expath  : file=D:\code\rtklib_java\RTKLIB_EX_2.5.0\1.nav
3 readrnxfile: file=D:\code\rtklib_java\RTKLIB_EX_2.5.0\1.nav flag=1 index=0
3 rtk_uncompress: file=D:\code\rtklib_java\RTKLIB_EX_2.5.0\1.nav
3 rtk_uncompress: stat=0
3 readrnxfp: flag=1 index=0
3 readrnxh:
3 sbsreadmsg: file=D:\code\rtklib_java\RTKLIB_EX_2.5.0\1.obs sel=0
3 sbsreadmsgt: file=D:\code\rtklib_java\RTKLIB_EX_2.5.0\1.obs sel=0
3 expath  : path=D:\code\rtklib_java\RTKLIB_EX_2.5.0\1.obs nmax=1024
3 expath  : file=D:\code\rtklib_java\RTKLIB_EX_2.5.0\1.obs
3 sbsreadmsg: file=D:\code\rtklib_java\RTKLIB_EX_2.5.0\1.nav sel=0
3 sbsreadmsgt: file=D:\code\rtklib_java\RTKLIB_EX_2.5.0\1.nav sel=0
3 expath  : path=D:\code\rtklib_java\RTKLIB_EX_2.5.0\1.nav nmax=1024
3 expath  : file=D:\code\rtklib_java\RTKLIB_EX_2.5.0\1.nav
3 execses_r: n=2 outfile=D:\code\rtklib_java\RTKLIB_EX_2.5.0\spp_bds.pos
3 execses : n=2 outfile=D:\code\rtklib_java\RTKLIB_EX_2.5.0\spp_bds.pos
