3 readobsnav: ts=1970/01/01 00:00:00 n=5
3 readrnxt: file=rover_0608.obs rcv=1
3 expath  : path=rover_0608.obs nmax=1024
3 expath  : file=rover_0608.obs
3 readrnxfile: file=rover_0608.obs flag=0 index=1
3 rtk_uncompress: file=rover_0608.obs
3 rtk_uncompress: stat=0
3 readrnxfp: flag=0 index=1
3 readrnxh:
3 readrnxt: file=base_0608.obs rcv=2
3 expath  : path=base_0608.obs nmax=1024
3 expath  : file=base_0608.obs
3 readrnxfile: file=base_0608.obs flag=0 index=2
3 rtk_uncompress: file=base_0608.obs
3 rtk_uncompress: stat=0
3 readrnxfp: flag=0 index=2
3 readrnxh:
3 readrnxt: file=base_0608.nav rcv=3
3 expath  : path=base_0608.nav nmax=1024
3 expath  : file=base_0608.nav
3 readrnxfile: file=base_0608.nav flag=0 index=3
3 rtk_uncompress: file=base_0608.nav
3 rtk_uncompress: stat=0
3 readrnxfp: flag=0 index=3
3 readrnxh:
3 readrnxnav: ver=3.04 sys=0
3 readrnxt: file=rover_0608.nav rcv=3
3 expath  : path=rover_0608.nav nmax=1024
3 expath  : file=rover_0608.nav
3 readrnxfile: file=rover_0608.nav flag=0 index=3
3 rtk_uncompress: file=rover_0608.nav
3 rtk_uncompress: stat=0
3 readrnxfp: flag=0 index=3
3 readrnxh:
3 readrnxnav: ver=3.04 sys=0
3 readrnxt: file=rtk_c_rinex.pos rcv=3
3 expath  : path=rtk_c_rinex.pos nmax=1024
3 readrnxfile: file=rtk_c_rinex.pos flag=0 index=3
3 rtk_uncompress: file=rtk_c_rinex.pos
3 rtk_uncompress: stat=0
2 rinex file open error: rtk_c_rinex.pos
3 sortobs: nobs=6179
3 uniqnav: neph=38 ngeph=0 nseph=0
3 uniqeph: n=38
3 uniqgeph: ng=0
3 uniqseph: ns=0
3 readdcb : file=rover_0608.obs
3 expath  : path=rover_0608.obs nmax=1024
3 expath  : file=rover_0608.obs
3 readdcb : file=base_0608.obs
3 expath  : path=base_0608.obs nmax=1024
3 expath  : file=base_0608.obs
3 readdcb : file=base_0608.nav
3 expath  : path=base_0608.nav nmax=1024
3 expath  : file=base_0608.nav
3 readdcb : file=rover_0608.nav
3 expath  : path=rover_0608.nav nmax=1024
3 expath  : file=rover_0608.nav
3 readdcb : file=rtk_c_rinex.pos
3 expath  : path=rtk_c_rinex.pos nmax=1024
2 no receiver antenna pcv: 
2 no receiver antenna pcv: 
3 antpos  : rcvno=2
3 outhead: outfile= n=5
3 outheader: n=5
3 outrpos :
3 outsolhead:
3 outsolheads:
3 outhead: outfile=_events.pos n=5
3     0.029: createdir: path=_events.pos
3 outheader: n=5
3 outrpos :
3 outsolhead:
3 outsolheads:
3 openfile: outfile=
3 openfile: outfile=_events.pos
3 rtkinit :
3 procpos : mode=0
3 
infunc  : dir=0 iobsu=0 iobsr=0 isbs=0
3 
infunc  : dir=0 iobsu=13 iobsr=13 isbs=0
3 
infunc  : dir=0 iobsu=38 iobsr=38 isbs=0
3 
infunc  : dir=0 iobsu=63 iobsr=63 isbs=0
3 
infunc  : dir=0 iobsu=87 iobsr=87 isbs=0
3 
infunc  : dir=0 iobsu=111 iobsr=111 isbs=0
3 
infunc  : dir=0 iobsu=135 iobsr=135 isbs=0
3 
infunc  : dir=0 iobsu=159 iobsr=159 isbs=0
3 
infunc  : dir=0 iobsu=183 iobsr=183 isbs=0
3 
infunc  : dir=0 iobsu=207 iobsr=207 isbs=0
3 
infunc  : dir=0 iobsu=231 iobsr=231 isbs=0
3 
infunc  : dir=0 iobsu=256 iobsr=256 isbs=0
3 
infunc  : dir=0 iobsu=281 iobsr=281 isbs=0
3 
infunc  : dir=0 iobsu=307 iobsr=307 isbs=0
3 
infunc  : dir=0 iobsu=334 iobsr=334 isbs=0
3 
infunc  : dir=0 iobsu=360 iobsr=360 isbs=0
3 
infunc  : dir=0 iobsu=385 iobsr=385 isbs=0
3 
infunc  : dir=0 iobsu=410 iobsr=410 isbs=0
3 
infunc  : dir=0 iobsu=435 iobsr=435 isbs=0
3 
infunc  : dir=0 iobsu=461 iobsr=461 isbs=0
3 
infunc  : dir=0 iobsu=487 iobsr=487 isbs=0
3 
infunc  : dir=0 iobsu=512 iobsr=512 isbs=0
3 
infunc  : dir=0 iobsu=537 iobsr=537 isbs=0
3 
infunc  : dir=0 iobsu=561 iobsr=561 isbs=0
3 
infunc  : dir=0 iobsu=586 iobsr=586 isbs=0
3 
infunc  : dir=0 iobsu=610 iobsr=610 isbs=0
3 
infunc  : dir=0 iobsu=635 iobsr=635 isbs=0
3 
infunc  : dir=0 iobsu=660 iobsr=660 isbs=0
3 
infunc  : dir=0 iobsu=685 iobsr=685 isbs=0
3 
infunc  : dir=0 iobsu=710 iobsr=710 isbs=0
3 
infunc  : dir=0 iobsu=737 iobsr=737 isbs=0
3 
infunc  : dir=0 iobsu=763 iobsr=763 isbs=0
3 
infunc  : dir=0 iobsu=788 iobsr=788 isbs=0
3 
infunc  : dir=0 iobsu=814 iobsr=814 isbs=0
3 
infunc  : dir=0 iobsu=840 iobsr=840 isbs=0
3 
infunc  : dir=0 iobsu=865 iobsr=865 isbs=0
3 
infunc  : dir=0 iobsu=891 iobsr=891 isbs=0
3 
infunc  : dir=0 iobsu=916 iobsr=916 isbs=0
3 
infunc  : dir=0 iobsu=941 iobsr=941 isbs=0
3 
infunc  : dir=0 iobsu=966 iobsr=966 isbs=0
3 
infunc  : dir=0 iobsu=991 iobsr=991 isbs=0
3 
infunc  : dir=0 iobsu=1015 iobsr=1015 isbs=0
3 
infunc  : dir=0 iobsu=1039 iobsr=1039 isbs=0
3 
infunc  : dir=0 iobsu=1065 iobsr=1065 isbs=0
3 
infunc  : dir=0 iobsu=1091 iobsr=1091 isbs=0
3 
infunc  : dir=0 iobsu=1116 iobsr=1116 isbs=0
3 
infunc  : dir=0 iobsu=1142 iobsr=1142 isbs=0
3 
infunc  : dir=0 iobsu=1167 iobsr=1167 isbs=0
3 
infunc  : dir=0 iobsu=1192 iobsr=1192 isbs=0
3 
infunc  : dir=0 iobsu=1217 iobsr=1217 isbs=0
3 
infunc  : dir=0 iobsu=1243 iobsr=1243 isbs=0
3 
infunc  : dir=0 iobsu=1269 iobsr=1269 isbs=0
3 
infunc  : dir=0 iobsu=1295 iobsr=1295 isbs=0
3 
infunc  : dir=0 iobsu=1322 iobsr=1322 isbs=0
3 
infunc  : dir=0 iobsu=1349 iobsr=1349 isbs=0
3 
infunc  : dir=0 iobsu=1376 iobsr=1376 isbs=0
3 
infunc  : dir=0 iobsu=1403 iobsr=1403 isbs=0
3 
infunc  : dir=0 iobsu=1430 iobsr=1430 isbs=0
3 
infunc  : dir=0 iobsu=1457 iobsr=1457 isbs=0
3 
infunc  : dir=0 iobsu=1483 iobsr=1483 isbs=0
3 
infunc  : dir=0 iobsu=1509 iobsr=1509 isbs=0
3 
infunc  : dir=0 iobsu=1535 iobsr=1535 isbs=0
3 
infunc  : dir=0 iobsu=1561 iobsr=1561 isbs=0
3 
infunc  : dir=0 iobsu=1587 iobsr=1587 isbs=0
3 
infunc  : dir=0 iobsu=1613 iobsr=1613 isbs=0
3 
infunc  : dir=0 iobsu=1639 iobsr=1639 isbs=0
3 
infunc  : dir=0 iobsu=1665 iobsr=1665 isbs=0
3 
infunc  : dir=0 iobsu=1691 iobsr=1691 isbs=0
3 
infunc  : dir=0 iobsu=1717 iobsr=1717 isbs=0
3 
infunc  : dir=0 iobsu=1743 iobsr=1743 isbs=0
3 
infunc  : dir=0 iobsu=1769 iobsr=1769 isbs=0
3 
infunc  : dir=0 iobsu=1795 iobsr=1795 isbs=0
3 
infunc  : dir=0 iobsu=1821 iobsr=1821 isbs=0
3 
infunc  : dir=0 iobsu=1847 iobsr=1847 isbs=0
3 
infunc  : dir=0 iobsu=1873 iobsr=1873 isbs=0
3 
infunc  : dir=0 iobsu=1898 iobsr=1898 isbs=0
3 
infunc  : dir=0 iobsu=1923 iobsr=1923 isbs=0
3 
infunc  : dir=0 iobsu=1948 iobsr=1948 isbs=0
3 
infunc  : dir=0 iobsu=1974 iobsr=1974 isbs=0
3 
infunc  : dir=0 iobsu=2001 iobsr=2001 isbs=0
3 
infunc  : dir=0 iobsu=2028 iobsr=2028 isbs=0
3 
infunc  : dir=0 iobsu=2055 iobsr=2055 isbs=0
3 
infunc  : dir=0 iobsu=2082 iobsr=2082 isbs=0
3 
infunc  : dir=0 iobsu=2109 iobsr=2109 isbs=0
3 
infunc  : dir=0 iobsu=2136 iobsr=2136 isbs=0
3 
infunc  : dir=0 iobsu=2163 iobsr=2163 isbs=0
3 
infunc  : dir=0 iobsu=2190 iobsr=2190 isbs=0
3 
infunc  : dir=0 iobsu=2217 iobsr=2217 isbs=0
3 
infunc  : dir=0 iobsu=2243 iobsr=2243 isbs=0
3 
infunc  : dir=0 iobsu=2270 iobsr=2270 isbs=0
3 
infunc  : dir=0 iobsu=2297 iobsr=2297 isbs=0
3 
infunc  : dir=0 iobsu=2325 iobsr=2325 isbs=0
3 
infunc  : dir=0 iobsu=2353 iobsr=2353 isbs=0
3 
infunc  : dir=0 iobsu=2381 iobsr=2381 isbs=0
3 
infunc  : dir=0 iobsu=2409 iobsr=2409 isbs=0
3 
infunc  : dir=0 iobsu=2437 iobsr=2437 isbs=0
3 
infunc  : dir=0 iobsu=2465 iobsr=2465 isbs=0
3 
infunc  : dir=0 iobsu=2492 iobsr=2492 isbs=0
3 
infunc  : dir=0 iobsu=2519 iobsr=2519 isbs=0
3 
infunc  : dir=0 iobsu=2546 iobsr=2546 isbs=0
3 
infunc  : dir=0 iobsu=2572 iobsr=2572 isbs=0
3 
infunc  : dir=0 iobsu=2598 iobsr=2598 isbs=0
3 
infunc  : dir=0 iobsu=2624 iobsr=2624 isbs=0
3 
infunc  : dir=0 iobsu=2650 iobsr=2650 isbs=0
3 
infunc  : dir=0 iobsu=2676 iobsr=2676 isbs=0
3 
infunc  : dir=0 iobsu=2702 iobsr=2702 isbs=0
3 
infunc  : dir=0 iobsu=2728 iobsr=2728 isbs=0
3 
infunc  : dir=0 iobsu=2754 iobsr=2754 isbs=0
3 
infunc  : dir=0 iobsu=2780 iobsr=2780 isbs=0
3 
infunc  : dir=0 iobsu=2806 iobsr=2806 isbs=0
3 
infunc  : dir=0 iobsu=2832 iobsr=2832 isbs=0
3 
infunc  : dir=0 iobsu=2859 iobsr=2859 isbs=0
3 
infunc  : dir=0 iobsu=2886 iobsr=2886 isbs=0
3 
infunc  : dir=0 iobsu=2913 iobsr=2913 isbs=0
3 
infunc  : dir=0 iobsu=2940 iobsr=2940 isbs=0
3 
infunc  : dir=0 iobsu=2967 iobsr=2967 isbs=0
3 
infunc  : dir=0 iobsu=2994 iobsr=2994 isbs=0
3 
infunc  : dir=0 iobsu=3021 iobsr=3021 isbs=0
3 
infunc  : dir=0 iobsu=3048 iobsr=3048 isbs=0
3 
infunc  : dir=0 iobsu=3075 iobsr=3075 isbs=0
3 
infunc  : dir=0 iobsu=3102 iobsr=3102 isbs=0
3 
infunc  : dir=0 iobsu=3129 iobsr=3129 isbs=0
3 
infunc  : dir=0 iobsu=3156 iobsr=3156 isbs=0
3 
infunc  : dir=0 iobsu=3183 iobsr=3183 isbs=0
3 
infunc  : dir=0 iobsu=3209 iobsr=3209 isbs=0
3 
infunc  : dir=0 iobsu=3235 iobsr=3235 isbs=0
3 
infunc  : dir=0 iobsu=3261 iobsr=3261 isbs=0
3 
infunc  : dir=0 iobsu=3287 iobsr=3287 isbs=0
3 
infunc  : dir=0 iobsu=3313 iobsr=3313 isbs=0
3 
infunc  : dir=0 iobsu=3339 iobsr=3339 isbs=0
3 
infunc  : dir=0 iobsu=3365 iobsr=3365 isbs=0
3 
infunc  : dir=0 iobsu=3391 iobsr=3391 isbs=0
3 
infunc  : dir=0 iobsu=3416 iobsr=3416 isbs=0
3 
infunc  : dir=0 iobsu=3441 iobsr=3441 isbs=0
3 
infunc  : dir=0 iobsu=3467 iobsr=3467 isbs=0
3 
infunc  : dir=0 iobsu=3493 iobsr=3493 isbs=0
3 
infunc  : dir=0 iobsu=3516 iobsr=3516 isbs=0
3 
infunc  : dir=0 iobsu=3539 iobsr=3539 isbs=0
3 
infunc  : dir=0 iobsu=3563 iobsr=3563 isbs=0
3 
infunc  : dir=0 iobsu=3587 iobsr=3587 isbs=0
3 
infunc  : dir=0 iobsu=3611 iobsr=3611 isbs=0
3 
infunc  : dir=0 iobsu=3636 iobsr=3636 isbs=0
3 
infunc  : dir=0 iobsu=3661 iobsr=3661 isbs=0
3 
infunc  : dir=0 iobsu=3686 iobsr=3686 isbs=0
3 
infunc  : dir=0 iobsu=3710 iobsr=3710 isbs=0
3 
infunc  : dir=0 iobsu=3734 iobsr=3734 isbs=0
3 
infunc  : dir=0 iobsu=3758 iobsr=3758 isbs=0
3 
infunc  : dir=0 iobsu=3782 iobsr=3782 isbs=0
3 
infunc  : dir=0 iobsu=3806 iobsr=3806 isbs=0
3 
infunc  : dir=0 iobsu=3830 iobsr=3830 isbs=0
3 
infunc  : dir=0 iobsu=3855 iobsr=3855 isbs=0
3 
infunc  : dir=0 iobsu=3880 iobsr=3880 isbs=0
3 
infunc  : dir=0 iobsu=3905 iobsr=3905 isbs=0
3 
infunc  : dir=0 iobsu=3930 iobsr=3930 isbs=0
3 
infunc  : dir=0 iobsu=3955 iobsr=3955 isbs=0
3 
infunc  : dir=0 iobsu=3980 iobsr=3980 isbs=0
3 
infunc  : dir=0 iobsu=4005 iobsr=4005 isbs=0
3 
infunc  : dir=0 iobsu=4029 iobsr=4029 isbs=0
3 
infunc  : dir=0 iobsu=4053 iobsr=4053 isbs=0
3 
infunc  : dir=0 iobsu=4078 iobsr=4078 isbs=0
3 
infunc  : dir=0 iobsu=4103 iobsr=4103 isbs=0
3 
infunc  : dir=0 iobsu=4128 iobsr=4128 isbs=0
3 
infunc  : dir=0 iobsu=4153 iobsr=4153 isbs=0
3 
infunc  : dir=0 iobsu=4178 iobsr=4178 isbs=0
3 
infunc  : dir=0 iobsu=4203 iobsr=4203 isbs=0
3 
infunc  : dir=0 iobsu=4228 iobsr=4228 isbs=0
3 
infunc  : dir=0 iobsu=4253 iobsr=4253 isbs=0
3 
infunc  : dir=0 iobsu=4278 iobsr=4278 isbs=0
3 
infunc  : dir=0 iobsu=4303 iobsr=4303 isbs=0
3 
infunc  : dir=0 iobsu=4328 iobsr=4328 isbs=0
3 
infunc  : dir=0 iobsu=4353 iobsr=4353 isbs=0
3 
infunc  : dir=0 iobsu=4378 iobsr=4378 isbs=0
3 
infunc  : dir=0 iobsu=4403 iobsr=4403 isbs=0
3 
infunc  : dir=0 iobsu=4428 iobsr=4428 isbs=0
3 
infunc  : dir=0 iobsu=4453 iobsr=4453 isbs=0
3 
infunc  : dir=0 iobsu=4478 iobsr=4478 isbs=0
3 
infunc  : dir=0 iobsu=4503 iobsr=4503 isbs=0
3 
infunc  : dir=0 iobsu=4528 iobsr=4528 isbs=0
3 
infunc  : dir=0 iobsu=4554 iobsr=4554 isbs=0
3 
infunc  : dir=0 iobsu=4580 iobsr=4580 isbs=0
3 
infunc  : dir=0 iobsu=4606 iobsr=4606 isbs=0
3 
infunc  : dir=0 iobsu=4632 iobsr=4632 isbs=0
3 
infunc  : dir=0 iobsu=4658 iobsr=4658 isbs=0
3 
infunc  : dir=0 iobsu=4684 iobsr=4684 isbs=0
3 
infunc  : dir=0 iobsu=4710 iobsr=4710 isbs=0
3 
infunc  : dir=0 iobsu=4736 iobsr=4736 isbs=0
3 
infunc  : dir=0 iobsu=4762 iobsr=4762 isbs=0
3 
infunc  : dir=0 iobsu=4788 iobsr=4788 isbs=0
3 
infunc  : dir=0 iobsu=4814 iobsr=4814 isbs=0
3 
infunc  : dir=0 iobsu=4840 iobsr=4840 isbs=0
3 
infunc  : dir=0 iobsu=4866 iobsr=4866 isbs=0
3 
infunc  : dir=0 iobsu=4892 iobsr=4892 isbs=0
3 
infunc  : dir=0 iobsu=4918 iobsr=4918 isbs=0
3 
infunc  : dir=0 iobsu=4944 iobsr=4944 isbs=0
3 
infunc  : dir=0 iobsu=4970 iobsr=4970 isbs=0
3 
infunc  : dir=0 iobsu=4996 iobsr=4996 isbs=0
3 
infunc  : dir=0 iobsu=5022 iobsr=5022 isbs=0
3 
infunc  : dir=0 iobsu=5048 iobsr=5048 isbs=0
3 
infunc  : dir=0 iobsu=5074 iobsr=5074 isbs=0
3 
infunc  : dir=0 iobsu=5099 iobsr=5099 isbs=0
3 
infunc  : dir=0 iobsu=5125 iobsr=5125 isbs=0
3 
infunc  : dir=0 iobsu=5151 iobsr=5151 isbs=0
3 
infunc  : dir=0 iobsu=5177 iobsr=5177 isbs=0
3 
infunc  : dir=0 iobsu=5203 iobsr=5203 isbs=0
3 
infunc  : dir=0 iobsu=5228 iobsr=5228 isbs=0
3 
infunc  : dir=0 iobsu=5254 iobsr=5254 isbs=0
3 
infunc  : dir=0 iobsu=5281 iobsr=5281 isbs=0
3 
infunc  : dir=0 iobsu=5308 iobsr=5308 isbs=0
3 
infunc  : dir=0 iobsu=5335 iobsr=5335 isbs=0
3 
infunc  : dir=0 iobsu=5362 iobsr=5362 isbs=0
3 
infunc  : dir=0 iobsu=5389 iobsr=5389 isbs=0
3 
infunc  : dir=0 iobsu=5416 iobsr=5416 isbs=0
3 
infunc  : dir=0 iobsu=5443 iobsr=5443 isbs=0
3 
infunc  : dir=0 iobsu=5470 iobsr=5470 isbs=0
3 
infunc  : dir=0 iobsu=5497 iobsr=5497 isbs=0
3 
infunc  : dir=0 iobsu=5524 iobsr=5524 isbs=0
3 
infunc  : dir=0 iobsu=5551 iobsr=5551 isbs=0
3 
infunc  : dir=0 iobsu=5578 iobsr=5578 isbs=0
3 
infunc  : dir=0 iobsu=5604 iobsr=5604 isbs=0
3 
infunc  : dir=0 iobsu=5631 iobsr=5631 isbs=0
3 
infunc  : dir=0 iobsu=5658 iobsr=5658 isbs=0
3 
infunc  : dir=0 iobsu=5685 iobsr=5685 isbs=0
3 
infunc  : dir=0 iobsu=5711 iobsr=5711 isbs=0
3 
infunc  : dir=0 iobsu=5737 iobsr=5737 isbs=0
3 
infunc  : dir=0 iobsu=5763 iobsr=5763 isbs=0
3 
infunc  : dir=0 iobsu=5789 iobsr=5789 isbs=0
3 
infunc  : dir=0 iobsu=5814 iobsr=5814 isbs=0
3 
infunc  : dir=0 iobsu=5840 iobsr=5840 isbs=0
3 
infunc  : dir=0 iobsu=5865 iobsr=5865 isbs=0
3 
infunc  : dir=0 iobsu=5891 iobsr=5891 isbs=0
3 
infunc  : dir=0 iobsu=5916 iobsr=5916 isbs=0
3 
infunc  : dir=0 iobsu=5940 iobsr=5940 isbs=0
3 
infunc  : dir=0 iobsu=5965 iobsr=5965 isbs=0
3 
infunc  : dir=0 iobsu=5991 iobsr=5991 isbs=0
3 
infunc  : dir=0 iobsu=6016 iobsr=6016 isbs=0
3 
infunc  : dir=0 iobsu=6041 iobsr=6041 isbs=0
3 
infunc  : dir=0 iobsu=6066 iobsr=6066 isbs=0
3 
infunc  : dir=0 iobsu=6091 iobsr=6091 isbs=0
3 
infunc  : dir=0 iobsu=6116 iobsr=6116 isbs=0
3 
infunc  : dir=0 iobsu=6141 iobsr=6141 isbs=0
3 
infunc  : dir=0 iobsu=6166 iobsr=6166 isbs=0
3 rtkfree :
3 freeobsnav:
3 freepreceph:
3 free_rtcm:
3 closeses:
3 closegoid:
3 rtkclosestat:
