3 postpos : ti=0 tu=0 n=4 outfile=D:\rtklib\rtklib_java\rtcm_conv\rtk_c_rtcm.pos
3 openses :
3 execses_b: n=4 outfile=D:\rtklib\rtklib_java\rtcm_conv\rtk_c_rtcm.pos
2 readpreceph: n=4
3 readpephs: file=D:\rtklib\rtklib_java\rtcm_conv\rover\1.obs
3 expath  : path=D:\rtklib\rtklib_java\rtcm_conv\rover\1.obs nmax=1024
3 expath  : file=D:\rtklib\rtklib_java\rtcm_conv\rover\1.obs
3 readpephs: file=D:\rtklib\rtklib_java\rtcm_conv\base\1.obs
3 expath  : path=D:\rtklib\rtklib_java\rtcm_conv\base\1.obs nmax=1024
3 expath  : file=D:\rtklib\rtklib_java\rtcm_conv\base\1.obs
3 readpephs: file=D:\rtklib\rtklib_java\rtcm_conv\rover\1.nav
3 expath  : path=D:\rtklib\rtklib_java\rtcm_conv\rover\1.nav nmax=1024
3 expath  : file=D:\rtklib\rtklib_java\rtcm_conv\rover\1.nav
3 readpephs: file=D:\rtklib\rtklib_java\rtcm_conv\base\1.nav
3 expath  : path=D:\rtklib\rtklib_java\rtcm_conv\base\1.nav nmax=1024
3 expath  : file=D:\rtklib\rtklib_java\rtcm_conv\base\1.nav
3 readrnxc: file=D:\rtklib\rtklib_java\rtcm_conv\rover\1.obs
3 expath  : path=D:\rtklib\rtklib_java\rtcm_conv\rover\1.obs nmax=1024
3 expath  : file=D:\rtklib\rtklib_java\rtcm_conv\rover\1.obs
3 readrnxfile: file=D:\rtklib\rtklib_java\rtcm_conv\rover\1.obs flag=1 index=0
3 rtk_uncompress: file=D:\rtklib\rtklib_java\rtcm_conv\rover\1.obs
3 rtk_uncompress: stat=0
3 readrnxfp: flag=1 index=0
3 readrnxh:
3 readrnxc: file=D:\rtklib\rtklib_java\rtcm_conv\base\1.obs
3 expath  : path=D:\rtklib\rtklib_java\rtcm_conv\base\1.obs nmax=1024
3 expath  : file=D:\rtklib\rtklib_java\rtcm_conv\base\1.obs
3 readrnxfile: file=D:\rtklib\rtklib_java\rtcm_conv\base\1.obs flag=1 index=0
3 rtk_uncompress: file=D:\rtklib\rtklib_java\rtcm_conv\base\1.obs
3 rtk_uncompress: stat=0
3 readrnxfp: flag=1 index=0
3 readrnxh:
3 readrnxc: file=D:\rtklib\rtklib_java\rtcm_conv\rover\1.nav
3 expath  : path=D:\rtklib\rtklib_java\rtcm_conv\rover\1.nav nmax=1024
3 expath  : file=D:\rtklib\rtklib_java\rtcm_conv\rover\1.nav
3 readrnxfile: file=D:\rtklib\rtklib_java\rtcm_conv\rover\1.nav flag=1 index=0
3 rtk_uncompress: file=D:\rtklib\rtklib_java\rtcm_conv\rover\1.nav
3 rtk_uncompress: stat=0
3 readrnxfp: flag=1 index=0
3 readrnxh:
3 readrnxc: file=D:\rtklib\rtklib_java\rtcm_conv\base\1.nav
3 expath  : path=D:\rtklib\rtklib_java\rtcm_conv\base\1.nav nmax=1024
3 expath  : file=D:\rtklib\rtklib_java\rtcm_conv\base\1.nav
3 readrnxfile: file=D:\rtklib\rtklib_java\rtcm_conv\base\1.nav flag=1 index=0
3 rtk_uncompress: file=D:\rtklib\rtklib_java\rtcm_conv\base\1.nav
3 rtk_uncompress: stat=0
3 readrnxfp: flag=1 index=0
3 readrnxh:
3 sbsreadmsg: file=D:\rtklib\rtklib_java\rtcm_conv\rover\1.obs sel=0
3 sbsreadmsgt: file=D:\rtklib\rtklib_java\rtcm_conv\rover\1.obs sel=0
3 expath  : path=D:\rtklib\rtklib_java\rtcm_conv\rover\1.obs nmax=1024
3 expath  : file=D:\rtklib\rtklib_java\rtcm_conv\rover\1.obs
3 sbsreadmsg: file=D:\rtklib\rtklib_java\rtcm_conv\base\1.obs sel=0
3 sbsreadmsgt: file=D:\rtklib\rtklib_java\rtcm_conv\base\1.obs sel=0
3 expath  : path=D:\rtklib\rtklib_java\rtcm_conv\base\1.obs nmax=1024
3 expath  : file=D:\rtklib\rtklib_java\rtcm_conv\base\1.obs
3 sbsreadmsg: file=D:\rtklib\rtklib_java\rtcm_conv\rover\1.nav sel=0
3 sbsreadmsgt: file=D:\rtklib\rtklib_java\rtcm_conv\rover\1.nav sel=0
3 expath  : path=D:\rtklib\rtklib_java\rtcm_conv\rover\1.nav nmax=1024
3 expath  : file=D:\rtklib\rtklib_java\rtcm_conv\rover\1.nav
3 sbsreadmsg: file=D:\rtklib\rtklib_java\rtcm_conv\base\1.nav sel=0
3 sbsreadmsgt: file=D:\rtklib\rtklib_java\rtcm_conv\base\1.nav sel=0
3 expath  : path=D:\rtklib\rtklib_java\rtcm_conv\base\1.nav nmax=1024
3 expath  : file=D:\rtklib\rtklib_java\rtcm_conv\base\1.nav
3 execses_r: n=4 outfile=D:\rtklib\rtklib_java\rtcm_conv\rtk_c_rtcm.pos
3 execses : n=4 outfile=D:\rtklib\rtklib_java\rtcm_conv\rtk_c_rtcm.pos
