3 readobsnav: ts=1970/01/01 00:00:00 n=3
3 readrnxt: file=15 rcv=1
3 expath  : path=15 nmax=1024
3 readrnxfile: file=15 flag=0 index=1
3 rtk_uncompress: file=15
2 rinex file open error: 15
3 readrnxt: file=d:\code\rtklib_java\540423494727\2026-06-08\1.obs rcv=1
3 expath  : path=d:\code\rtklib_java\540423494727\2026-06-08\1.obs nmax=1024
3 expath  : file=d:\code\rtklib_java\540423494727\2026-06-08\1.obs
3 readrnxfile: file=d:\code\rtklib_java\540423494727\2026-06-08\1.obs flag=0 index=1
3 rtk_uncompress: file=d:\code\rtklib_java\540423494727\2026-06-08\1.obs
3 rtk_uncompress: stat=0
3 readrnxfp: flag=0 index=1
3 readrnxh:
3 readrnxt: file=d:\code\rtklib_java\540423494727\2026-06-08\1.nav rcv=2
3 expath  : path=d:\code\rtklib_java\540423494727\2026-06-08\1.nav nmax=1024
3 expath  : file=d:\code\rtklib_java\540423494727\2026-06-08\1.nav
3 readrnxfile: file=d:\code\rtklib_java\540423494727\2026-06-08\1.nav flag=0 index=2
3 rtk_uncompress: file=d:\code\rtklib_java\540423494727\2026-06-08\1.nav
3 rtk_uncompress: stat=0
3 readrnxfp: flag=0 index=2
3 readrnxh:
3 readrnxnav: ver=3.04 sys=0
3 sortobs: nobs=1565
3 uniqnav: neph=17 ngeph=0 nseph=0
3 uniqeph: n=17
3 uniqgeph: ng=0
3 uniqseph: ns=0
3 readdcb : file=15
3 expath  : path=15 nmax=1024
3 readdcb : file=d:\code\rtklib_java\540423494727\2026-06-08\1.obs
3 expath  : path=d:\code\rtklib_java\540423494727\2026-06-08\1.obs nmax=1024
3 expath  : file=d:\code\rtklib_java\540423494727\2026-06-08\1.obs
3 readdcb : file=d:\code\rtklib_java\540423494727\2026-06-08\1.nav
3 expath  : path=d:\code\rtklib_java\540423494727\2026-06-08\1.nav nmax=1024
3 expath  : file=d:\code\rtklib_java\540423494727\2026-06-08\1.nav
3 outhead: outfile=d:\code\rtklib_java\540423494727\2026-06-08\spp_rtklib_trace.pos n=3
3     0.010: createdir: path=d:\code\rtklib_java\540423494727\2026-06-08\spp_rtklib_trace.pos
3 outheader: n=3
3 outsolhead:
3 outsolheads:
3 outhead: outfile=d:\code\rtklib_java\540423494727\2026-06-08\spp_rtklib_trace_events.pos n=3
3     0.011: createdir: path=d:\code\rtklib_java\540423494727\2026-06-08\spp_rtklib_trace_events.pos
3 outheader: n=3
3 outsolhead:
3 outsolheads:
3 openfile: outfile=d:\code\rtklib_java\540423494727\2026-06-08\spp_rtklib_trace.pos
3 openfile: outfile=d:\code\rtklib_java\540423494727\2026-06-08\spp_rtklib_trace_events.pos
3 rtkinit :
3 procpos : mode=0
3 
infunc  : dir=0 iobsu=0 iobsr=0 isbs=0
3 
infunc  : dir=0 iobsu=13 iobsr=1565 isbs=0
3 
infunc  : dir=0 iobsu=26 iobsr=1565 isbs=0
3 
infunc  : dir=0 iobsu=39 iobsr=1565 isbs=0
3 
infunc  : dir=0 iobsu=51 iobsr=1565 isbs=0
3 
infunc  : dir=0 iobsu=63 iobsr=1565 isbs=0
3 
infunc  : dir=0 iobsu=75 iobsr=1565 isbs=0
3 
infunc  : dir=0 iobsu=87 iobsr=1565 isbs=0
3 
infunc  : dir=0 iobsu=99 iobsr=1565 isbs=0
3 
infunc  : dir=0 iobsu=111 iobsr=1565 isbs=0
3 
infunc  : dir=0 iobsu=123 iobsr=1565 isbs=0
3 
infunc  : dir=0 iobsu=135 iobsr=1565 isbs=0
3 
infunc  : dir=0 iobsu=148 iobsr=1565 isbs=0
3 
infunc  : dir=0 iobsu=161 iobsr=1565 isbs=0
3 
infunc  : dir=0 iobsu=175 iobsr=1565 isbs=0
3 
infunc  : dir=0 iobsu=188 iobsr=1565 isbs=0
3 
infunc  : dir=0 iobsu=201 iobsr=1565 isbs=0
3 
infunc  : dir=0 iobsu=214 iobsr=1565 isbs=0
3 
infunc  : dir=0 iobsu=228 iobsr=1565 isbs=0
3 
infunc  : dir=0 iobsu=242 iobsr=1565 isbs=0
3 
infunc  : dir=0 iobsu=256 iobsr=1565 isbs=0
3 
infunc  : dir=0 iobsu=269 iobsr=1565 isbs=0
3 
infunc  : dir=0 iobsu=282 iobsr=1565 isbs=0
3 
infunc  : dir=0 iobsu=295 iobsr=1565 isbs=0
3 
infunc  : dir=0 iobsu=308 iobsr=1565 isbs=0
3 
infunc  : dir=0 iobsu=321 iobsr=1565 isbs=0
3 
infunc  : dir=0 iobsu=334 iobsr=1565 isbs=0
3 
infunc  : dir=0 iobsu=347 iobsr=1565 isbs=0
3 
infunc  : dir=0 iobsu=360 iobsr=1565 isbs=0
3 
infunc  : dir=0 iobsu=373 iobsr=1565 isbs=0
3 
infunc  : dir=0 iobsu=387 iobsr=1565 isbs=0
3 
infunc  : dir=0 iobsu=400 iobsr=1565 isbs=0
3 
infunc  : dir=0 iobsu=412 iobsr=1565 isbs=0
3 
infunc  : dir=0 iobsu=425 iobsr=1565 isbs=0
3 
infunc  : dir=0 iobsu=438 iobsr=1565 isbs=0
3 
infunc  : dir=0 iobsu=451 iobsr=1565 isbs=0
3 
infunc  : dir=0 iobsu=464 iobsr=1565 isbs=0
3 
infunc  : dir=0 iobsu=477 iobsr=1565 isbs=0
3 
infunc  : dir=0 iobsu=490 iobsr=1565 isbs=0
3 
infunc  : dir=0 iobsu=503 iobsr=1565 isbs=0
3 
infunc  : dir=0 iobsu=516 iobsr=1565 isbs=0
3 
infunc  : dir=0 iobsu=529 iobsr=1565 isbs=0
3 
infunc  : dir=0 iobsu=542 iobsr=1565 isbs=0
3 
infunc  : dir=0 iobsu=556 iobsr=1565 isbs=0
3 
infunc  : dir=0 iobsu=570 iobsr=1565 isbs=0
3 
infunc  : dir=0 iobsu=584 iobsr=1565 isbs=0
3 
infunc  : dir=0 iobsu=599 iobsr=1565 isbs=0
3 
infunc  : dir=0 iobsu=613 iobsr=1565 isbs=0
3 
infunc  : dir=0 iobsu=627 iobsr=1565 isbs=0
3 
infunc  : dir=0 iobsu=641 iobsr=1565 isbs=0
3 
infunc  : dir=0 iobsu=655 iobsr=1565 isbs=0
3 
infunc  : dir=0 iobsu=669 iobsr=1565 isbs=0
3 
infunc  : dir=0 iobsu=683 iobsr=1565 isbs=0
3 
infunc  : dir=0 iobsu=697 iobsr=1565 isbs=0
3 
infunc  : dir=0 iobsu=711 iobsr=1565 isbs=0
3 
infunc  : dir=0 iobsu=725 iobsr=1565 isbs=0
3 
infunc  : dir=0 iobsu=739 iobsr=1565 isbs=0
3 
infunc  : dir=0 iobsu=753 iobsr=1565 isbs=0
3 
infunc  : dir=0 iobsu=767 iobsr=1565 isbs=0
3 
infunc  : dir=0 iobsu=781 iobsr=1565 isbs=0
3 
infunc  : dir=0 iobsu=795 iobsr=1565 isbs=0
3 
infunc  : dir=0 iobsu=809 iobsr=1565 isbs=0
3 
infunc  : dir=0 iobsu=823 iobsr=1565 isbs=0
3 
infunc  : dir=0 iobsu=837 iobsr=1565 isbs=0
3 
infunc  : dir=0 iobsu=851 iobsr=1565 isbs=0
3 
infunc  : dir=0 iobsu=865 iobsr=1565 isbs=0
3 
infunc  : dir=0 iobsu=879 iobsr=1565 isbs=0
3 
infunc  : dir=0 iobsu=893 iobsr=1565 isbs=0
3 
infunc  : dir=0 iobsu=907 iobsr=1565 isbs=0
3 
infunc  : dir=0 iobsu=921 iobsr=1565 isbs=0
3 
infunc  : dir=0 iobsu=935 iobsr=1565 isbs=0
3 
infunc  : dir=0 iobsu=949 iobsr=1565 isbs=0
3 
infunc  : dir=0 iobsu=963 iobsr=1565 isbs=0
3 
infunc  : dir=0 iobsu=977 iobsr=1565 isbs=0
3 
infunc  : dir=0 iobsu=991 iobsr=1565 isbs=0
3 
infunc  : dir=0 iobsu=1005 iobsr=1565 isbs=0
3 
infunc  : dir=0 iobsu=1019 iobsr=1565 isbs=0
3 
infunc  : dir=0 iobsu=1033 iobsr=1565 isbs=0
3 
infunc  : dir=0 iobsu=1047 iobsr=1565 isbs=0
3 
infunc  : dir=0 iobsu=1061 iobsr=1565 isbs=0
3 
infunc  : dir=0 iobsu=1075 iobsr=1565 isbs=0
3 
infunc  : dir=0 iobsu=1089 iobsr=1565 isbs=0
3 
infunc  : dir=0 iobsu=1103 iobsr=1565 isbs=0
3 
infunc  : dir=0 iobsu=1117 iobsr=1565 isbs=0
3 
infunc  : dir=0 iobsu=1131 iobsr=1565 isbs=0
3 
infunc  : dir=0 iobsu=1145 iobsr=1565 isbs=0
3 
infunc  : dir=0 iobsu=1159 iobsr=1565 isbs=0
3 
infunc  : dir=0 iobsu=1173 iobsr=1565 isbs=0
3 
infunc  : dir=0 iobsu=1187 iobsr=1565 isbs=0
3 
infunc  : dir=0 iobsu=1201 iobsr=1565 isbs=0
3 
infunc  : dir=0 iobsu=1215 iobsr=1565 isbs=0
3 
infunc  : dir=0 iobsu=1229 iobsr=1565 isbs=0
3 
infunc  : dir=0 iobsu=1243 iobsr=1565 isbs=0
3 
infunc  : dir=0 iobsu=1257 iobsr=1565 isbs=0
3 
infunc  : dir=0 iobsu=1271 iobsr=1565 isbs=0
3 
infunc  : dir=0 iobsu=1285 iobsr=1565 isbs=0
3 
infunc  : dir=0 iobsu=1299 iobsr=1565 isbs=0
3 
infunc  : dir=0 iobsu=1313 iobsr=1565 isbs=0
3 
infunc  : dir=0 iobsu=1327 iobsr=1565 isbs=0
3 
infunc  : dir=0 iobsu=1341 iobsr=1565 isbs=0
3 
infunc  : dir=0 iobsu=1355 iobsr=1565 isbs=0
3 
infunc  : dir=0 iobsu=1369 iobsr=1565 isbs=0
3 
infunc  : dir=0 iobsu=1383 iobsr=1565 isbs=0
3 
infunc  : dir=0 iobsu=1397 iobsr=1565 isbs=0
3 
infunc  : dir=0 iobsu=1411 iobsr=1565 isbs=0
3 
infunc  : dir=0 iobsu=1425 iobsr=1565 isbs=0
3 
infunc  : dir=0 iobsu=1439 iobsr=1565 isbs=0
3 
infunc  : dir=0 iobsu=1453 iobsr=1565 isbs=0
3 
infunc  : dir=0 iobsu=1467 iobsr=1565 isbs=0
3 
infunc  : dir=0 iobsu=1481 iobsr=1565 isbs=0
3 
infunc  : dir=0 iobsu=1495 iobsr=1565 isbs=0
3 
infunc  : dir=0 iobsu=1509 iobsr=1565 isbs=0
3 
infunc  : dir=0 iobsu=1523 iobsr=1565 isbs=0
3 
infunc  : dir=0 iobsu=1537 iobsr=1565 isbs=0
3 
infunc  : dir=0 iobsu=1551 iobsr=1565 isbs=0
3 
infunc  : dir=0 iobsu=1565 iobsr=1565 isbs=0
3 rtkfree :
3 freeobsnav:
3 freepreceph:
3 free_rtcm:
3 closeses:
3 closegoid:
3 rtkclosestat:
